[03:18:46] [ServerMain/INFO]: Environment: authHost='https://authserver.mojang.com', accountsHost='https://api.mojang.com', sessionHost='https://sessionserver.mojang.com', servicesHost='https://api.minecraftservices.com', name='PROD'
[03:18:46] [ServerMain/INFO]: Found new data pack file/bukkit, loading it automatically
[03:18:47] [ServerMain/INFO]: Loaded 7 recipes
[03:18:47] [Server thread/INFO]: Starting minecraft server version 1.19.4
[03:18:47] [Server thread/INFO]: Loading properties
[03:18:48] [Server thread/INFO]: This server is running Paper version git-Paper-550 (MC: 1.19.4) (Implementing API version 1.19.4-R0.1-SNAPSHOT) (Git: 483368e on ver/1.19.4)
[03:18:48] [Server thread/INFO]: Server Ping Player Sample Count: 12
[03:18:48] [Server thread/INFO]: Using 4 threads for Netty based IO
[03:18:48] [Server thread/INFO]: [ChunkTaskScheduler] Chunk system is using 1 I/O threads, 1 worker threads, and gen parallelism of 1 threads
[03:18:48] [Server thread/WARN]: [!] The timings profiler has been enabled but has been scheduled for removal from Paper in the future.
    We recommend installing the spark profiler as a replacement: https://spark.lucko.me/
    For more information please visit: https://github.com/PaperMC/Paper/issues/8948
[03:18:49] [Server thread/INFO]: Default game type: SURVIVAL
[03:18:49] [Server thread/INFO]: Generating keypair
[03:18:49] [Server thread/INFO]: Starting Minecraft server on *:25565
[03:18:49] [Server thread/INFO]: Using epoll channel type
[03:18:49] [Server thread/INFO]: Paper: Using libdeflate (Linux x86_64) compression from Velocity.
[03:18:49] [Server thread/INFO]: Paper: Using OpenSSL 1.1.x (Linux x86_64) cipher from Velocity.
[03:18:49] [Server thread/WARN]: **** SERVER IS RUNNING IN OFFLINE/INSECURE MODE!
[03:18:49] [Server thread/WARN]: The server will make no attempt to authenticate usernames. Beware.
[03:18:49] [Server thread/WARN]: While this makes the game possible to play without internet access, it also opens up the ability for hackers to connect with any username they choose.
[03:18:49] [Server thread/WARN]: To change this, set "online-mode" to "true" in the server.properties file.
[03:18:49] [Server thread/INFO]: Preparing level "world"
[03:18:59] [Server thread/INFO]: Preparing start region for dimension minecraft:overworld
[03:18:59] [Server thread/INFO]: Time elapsed: 98 ms
[03:18:59] [Server thread/INFO]: Preparing start region for dimension minecraft:the_nether
[03:18:59] [Server thread/INFO]: Time elapsed: 65 ms
[03:18:59] [Server thread/INFO]: Preparing start region for dimension minecraft:the_end
[03:18:59] [Server thread/INFO]: Time elapsed: 61 ms
[03:18:59] [Server thread/INFO]: Running delayed init tasks
[03:18:59] [Server thread/INFO]: Done (12.169s)! For help, type "help"
[03:18:59] [Server thread/INFO]: Timings Reset
[03:18:59] [Server thread/INFO]: Unknown command. Type "/help" for help.
[03:19:19] [User Authenticator #0/INFO]: UUID of player byfacks is c3b2d58d-be9a-3141-b798-de7e74ebdacf
[03:19:19] [Server thread/INFO]: byfacks joined the game
[03:19:19] [Server thread/INFO]: byfacks[/127.9.13.189:45665] logged in with entity id 25 at ([world]-57.5, 106.0, -25.5)
[03:22:00] [Server thread/INFO]: Unknown command. Type "/help" for help.
[03:22:11] [Server thread/INFO]: Made byfacks a server operator
[03:22:20] [Server thread/INFO]: byfacks issued server command: /gamemode survival
[03:22:24] [Server thread/INFO]: byfacks issued server command: /gamemode creative
[03:22:24] [Server thread/INFO]: [byfacks: Set own game mode to Creative Mode]
[03:28:36] [Server thread/INFO]: byfacks issued server command: /off
